<?xml version="1.0" encoding="UTF-8"?>
<!-- Generated by org.testng.reporters.JUnitXMLReporter -->
<testsuite ignored="4" hostname="LAPTOP-9SRLIHID" failures="0" tests="2" name="Test" time="18.803" errors="0" timestamp="2025-04-06T13:17:22 IST">
  <testcase classname="com.Demowebshop.TestScripts.RegisterTest" name="register" time="2.634"/>
  <testcase classname="com.Demowebshop.TestScripts.LoginTest" name="loginTest" time="5.411"/>
  <testcase classname="com.Demowebshop.GenericLib.BaseTest" name="@AfterTest toCloseDatabase" time="0.0">
    <ignored/>
  </testcase> <!-- @AfterTest toCloseDatabase -->
  <testcase classname="com.Demowebshop.GenericLib.BaseTest" name="@BeforeTest toConnectDatabase" time="0.0">
    <ignored/>
  </testcase> <!-- @BeforeTest toConnectDatabase -->
  <testcase classname="com.Demowebshop.GenericLib.BaseTest" name="@AfterSuite toCloseServer" time="0.0">
    <ignored/>
  </testcase> <!-- @AfterSuite toCloseServer -->
  <testcase classname="com.Demowebshop.GenericLib.BaseTest" name="@BeforeSuite toConnectServer" time="0.0">
    <ignored/>
  </testcase> <!-- @BeforeSuite toConnectServer -->
</testsuite> <!-- Test -->
