<?xml version="1.0" encoding="UTF-8"?>
<testng-results ignored="0" total="3" passed="3" failed="0" skipped="0">
  <reporter-output>
  </reporter-output>
  <suite started-at="2025-04-06T21:10:37 IST" name="Suite" finished-at="2025-04-06T21:11:04 IST" duration-ms="27604">
    <groups>
    </groups>
    <test started-at="2025-04-06T21:10:37 IST" name="Test" finished-at="2025-04-06T21:11:04 IST" duration-ms="27604">
      <class name="com.Demowebshop.TestScripts.ValidRegisterTest">
        <test-method is-config="true" signature="toConnectServer()[pri:0, instance:com.Demowebshop.TestScripts.ValidRegisterTest@79e4c792]" started-at="2025-04-06T21:10:37 IST" name="toConnectServer" finished-at="2025-04-06T21:10:37 IST" duration-ms="14" status="PASS">
          <reporter-output>
          </reporter-output>
        </test-method> <!-- toConnectServer -->
        <test-method is-config="true" signature="toConnectDatabase()[pri:0, instance:com.Demowebshop.TestScripts.ValidRegisterTest@79e4c792]" started-at="2025-04-06T21:10:37 IST" name="toConnectDatabase" finished-at="2025-04-06T21:10:37 IST" duration-ms="1" status="PASS">
          <reporter-output>
          </reporter-output>
        </test-method> <!-- toConnectDatabase -->
        <test-method is-config="true" signature="setUp()[pri:0, instance:com.Demowebshop.TestScripts.ValidRegisterTest@79e4c792]" started-at="2025-04-06T21:10:37 IST" name="setUp" finished-at="2025-04-06T21:10:42 IST" duration-ms="5510" status="PASS">
          <reporter-output>
          </reporter-output>
        </test-method> <!-- setUp -->
        <test-method signature="register()[pri:0, instance:com.Demowebshop.TestScripts.ValidRegisterTest@79e4c792]" started-at="2025-04-06T21:10:42 IST" name="register" finished-at="2025-04-06T21:10:45 IST" duration-ms="2823" status="PASS">
          <reporter-output>
          </reporter-output>
        </test-method> <!-- register -->
        <test-method is-config="true" signature="tearDown()[pri:0, instance:com.Demowebshop.TestScripts.ValidRegisterTest@79e4c792]" started-at="2025-04-06T21:10:45 IST" name="tearDown" finished-at="2025-04-06T21:10:46 IST" duration-ms="207" status="PASS">
          <reporter-output>
          </reporter-output>
        </test-method> <!-- tearDown -->
        <test-method is-config="true" signature="toCloseDatabase()[pri:0, instance:com.Demowebshop.TestScripts.ValidRegisterTest@79e4c792]" started-at="2025-04-06T21:11:04 IST" name="toCloseDatabase" finished-at="2025-04-06T21:11:04 IST" duration-ms="0" status="PASS">
          <reporter-output>
          </reporter-output>
        </test-method> <!-- toCloseDatabase -->
        <test-method is-config="true" signature="toCloseServer()[pri:0, instance:com.Demowebshop.TestScripts.ValidRegisterTest@79e4c792]" started-at="2025-04-06T21:11:05 IST" name="toCloseServer" finished-at="2025-04-06T21:11:05 IST" duration-ms="0" status="PASS">
          <reporter-output>
          </reporter-output>
        </test-method> <!-- toCloseServer -->
      </class> <!-- com.Demowebshop.TestScripts.ValidRegisterTest -->
      <class name="com.Demowebshop.TestScripts.InvalidLoginTest">
        <test-method is-config="true" signature="setUp()[pri:0, instance:com.Demowebshop.TestScripts.InvalidLoginTest@7f485fda]" started-at="2025-04-06T21:10:55 IST" name="setUp" finished-at="2025-04-06T21:10:59 IST" duration-ms="3735" status="PASS">
          <reporter-output>
          </reporter-output>
        </test-method> <!-- setUp -->
        <test-method signature="inValidloginTest()[pri:0, instance:com.Demowebshop.TestScripts.InvalidLoginTest@7f485fda]" started-at="2025-04-06T21:10:59 IST" name="inValidloginTest" finished-at="2025-04-06T21:11:04 IST" duration-ms="5270" status="PASS">
          <reporter-output>
          </reporter-output>
        </test-method> <!-- inValidloginTest -->
        <test-method is-config="true" signature="tearDown()[pri:0, instance:com.Demowebshop.TestScripts.InvalidLoginTest@7f485fda]" started-at="2025-04-06T21:11:04 IST" name="tearDown" finished-at="2025-04-06T21:11:04 IST" duration-ms="238" status="PASS">
          <reporter-output>
          </reporter-output>
        </test-method> <!-- tearDown -->
      </class> <!-- com.Demowebshop.TestScripts.InvalidLoginTest -->
      <class name="com.Demowebshop.TestScripts.ValidLoginTest">
        <test-method is-config="true" signature="setUp()[pri:0, instance:com.Demowebshop.TestScripts.ValidLoginTest@4b29d1d2]" started-at="2025-04-06T21:10:46 IST" name="setUp" finished-at="2025-04-06T21:10:49 IST" duration-ms="3938" status="PASS">
          <reporter-output>
          </reporter-output>
        </test-method> <!-- setUp -->
        <test-method signature="loginTest()[pri:0, instance:com.Demowebshop.TestScripts.ValidLoginTest@4b29d1d2]" started-at="2025-04-06T21:10:49 IST" name="loginTest" finished-at="2025-04-06T21:10:55 IST" duration-ms="5386" status="PASS">
          <reporter-output>
          </reporter-output>
        </test-method> <!-- loginTest -->
        <test-method is-config="true" signature="tearDown()[pri:0, instance:com.Demowebshop.TestScripts.ValidLoginTest@4b29d1d2]" started-at="2025-04-06T21:10:55 IST" name="tearDown" finished-at="2025-04-06T21:10:55 IST" duration-ms="186" status="PASS">
          <reporter-output>
          </reporter-output>
        </test-method> <!-- tearDown -->
      </class> <!-- com.Demowebshop.TestScripts.ValidLoginTest -->
    </test> <!-- Test -->
  </suite> <!-- Suite -->
</testng-results>
