<?xml version="1.0" encoding="UTF-8"?>
<testng-results ignored="0" total="6" passed="5" failed="1" skipped="0">
  <reporter-output>
  </reporter-output>
  <suite started-at="2025-05-17T23:09:58 IST" name="Default suite" finished-at="2025-05-17T23:11:14 IST" duration-ms="76120">
    <groups>
    </groups>
    <test started-at="2025-05-17T23:09:58 IST" name="Default test" finished-at="2025-05-17T23:11:14 IST" duration-ms="76120">
      <class name="com.Demowebshop.TestScripts.CheckoutAfterLogTest">
        <test-method is-config="true" signature="setUp()[pri:0, instance:com.Demowebshop.TestScripts.CheckoutAfterLogTest@cecf639]" started-at="2025-05-17T23:10:10 IST" name="setUp" finished-at="2025-05-17T23:10:16 IST" duration-ms="5472" status="PASS">
          <reporter-output>
          </reporter-output>
        </test-method> <!-- setUp -->
        <test-method signature="loginAndaddToCartItem()[pri:0, instance:com.Demowebshop.TestScripts.CheckoutAfterLogTest@cecf639]" started-at="2025-05-17T23:10:16 IST" name="loginAndaddToCartItem" description="TC_Checkout_AfterLogin_02:- &lt;br&gt;Verify user is able to checkout after Login" finished-at="2025-05-17T23:10:26 IST" duration-ms="10583" status="FAIL">
          <exception class="java.lang.AssertionError">
            <message>
              <![CDATA[expected [https://demowebshop.tricentis.com/onepagecheckout] but found [https://demowebshop.tricentis.com/cart]]]>
            </message>
            <full-stacktrace>
              <![CDATA[java.lang.AssertionError: expected [https://demowebshop.tricentis.com/onepagecheckout] but found [https://demowebshop.tricentis.com/cart]
at org.testng.Assert.fail(Assert.java:111)
at org.testng.Assert.failNotEquals(Assert.java:1578)
at org.testng.Assert.assertEqualsImpl(Assert.java:150)
at org.testng.Assert.assertEquals(Assert.java:132)
at org.testng.Assert.assertEquals(Assert.java:656)
at org.testng.Assert.assertEquals(Assert.java:666)
at com.Demowebshop.TestScripts.CheckoutAfterLogTest.loginAndaddToCartItem(CheckoutAfterLogTest.java:64)
at java.base/jdk.internal.reflect.NativeMethodAccessorImpl.invoke0(Native Method)
at java.base/jdk.internal.reflect.NativeMethodAccessorImpl.invoke(NativeMethodAccessorImpl.java:77)
at java.base/jdk.internal.reflect.DelegatingMethodAccessorImpl.invoke(DelegatingMethodAccessorImpl.java:43)
at java.base/java.lang.reflect.Method.invoke(Method.java:568)
at org.testng.internal.invokers.MethodInvocationHelper.invokeMethod(MethodInvocationHelper.java:141)
at org.testng.internal.invokers.TestInvoker.invokeMethod(TestInvoker.java:686)
at org.testng.internal.invokers.TestInvoker.invokeTestMethod(TestInvoker.java:230)
at org.testng.internal.invokers.MethodRunner.runInSequence(MethodRunner.java:63)
at org.testng.internal.invokers.TestInvoker$MethodInvocationAgent.invoke(TestInvoker.java:992)
at org.testng.internal.invokers.TestInvoker.invokeTestMethods(TestInvoker.java:203)
at org.testng.internal.invokers.TestMethodWorker.invokeTestMethods(TestMethodWorker.java:154)
at org.testng.internal.invokers.TestMethodWorker.run(TestMethodWorker.java:134)
at java.base/java.util.ArrayList.forEach(ArrayList.java:1511)
at org.testng.TestRunner.privateRun(TestRunner.java:739)
at org.testng.TestRunner.run(TestRunner.java:614)
at org.testng.SuiteRunner.runTest(SuiteRunner.java:421)
at org.testng.SuiteRunner.runSequentially(SuiteRunner.java:413)
at org.testng.SuiteRunner.privateRun(SuiteRunner.java:373)
at org.testng.SuiteRunner.run(SuiteRunner.java:312)
at org.testng.SuiteRunnerWorker.runSuite(SuiteRunnerWorker.java:52)
at org.testng.SuiteRunnerWorker.run(SuiteRunnerWorker.java:95)
at org.testng.TestNG.runSuitesSequentially(TestNG.java:1274)
at org.testng.TestNG.runSuitesLocally(TestNG.java:1208)
at org.testng.TestNG.runSuites(TestNG.java:1112)
at org.testng.TestNG.run(TestNG.java:1079)
at org.testng.remote.AbstractRemoteTestNG.run(AbstractRemoteTestNG.java:115)
at org.testng.remote.RemoteTestNG.initAndRun(RemoteTestNG.java:293)
at org.testng.remote.RemoteTestNG.main(RemoteTestNG.java:91)
]]>
            </full-stacktrace>
          </exception> <!-- java.lang.AssertionError -->
          <reporter-output>
          </reporter-output>
        </test-method> <!-- loginAndaddToCartItem -->
        <test-method is-config="true" signature="tearDown()[pri:0, instance:com.Demowebshop.TestScripts.CheckoutAfterLogTest@cecf639]" started-at="2025-05-17T23:10:28 IST" name="tearDown" finished-at="2025-05-17T23:10:29 IST" duration-ms="387" status="PASS">
          <reporter-output>
          </reporter-output>
        </test-method> <!-- tearDown -->
      </class> <!-- com.Demowebshop.TestScripts.CheckoutAfterLogTest -->
      <class name="com.Demowebshop.TestScripts.ValidRegisterTest">
        <test-method is-config="true" signature="toConnectServer()[pri:0, instance:com.Demowebshop.TestScripts.ValidRegisterTest@402c4085]" started-at="2025-05-17T23:09:58 IST" name="toConnectServer" finished-at="2025-05-17T23:09:58 IST" duration-ms="11" status="PASS">
          <reporter-output>
          </reporter-output>
        </test-method> <!-- toConnectServer -->
        <test-method is-config="true" signature="toConnectDatabase()[pri:0, instance:com.Demowebshop.TestScripts.ValidRegisterTest@402c4085]" started-at="2025-05-17T23:09:58 IST" name="toConnectDatabase" finished-at="2025-05-17T23:09:58 IST" duration-ms="1" status="PASS">
          <reporter-output>
          </reporter-output>
        </test-method> <!-- toConnectDatabase -->
        <test-method is-config="true" signature="setUp()[pri:0, instance:com.Demowebshop.TestScripts.ValidRegisterTest@402c4085]" started-at="2025-05-17T23:09:58 IST" name="setUp" finished-at="2025-05-17T23:10:05 IST" duration-ms="6446" status="PASS">
          <reporter-output>
          </reporter-output>
        </test-method> <!-- setUp -->
        <test-method signature="register()[pri:0, instance:com.Demowebshop.TestScripts.ValidRegisterTest@402c4085]" started-at="2025-05-17T23:10:05 IST" name="register" description="TC_Register_ValidReg_01:- &lt;br&gt;Verify that user is able to register with valid details" finished-at="2025-05-17T23:10:10 IST" duration-ms="5184" status="PASS">
          <reporter-output>
          </reporter-output>
        </test-method> <!-- register -->
        <test-method is-config="true" signature="tearDown()[pri:0, instance:com.Demowebshop.TestScripts.ValidRegisterTest@402c4085]" started-at="2025-05-17T23:10:10 IST" name="tearDown" finished-at="2025-05-17T23:10:10 IST" duration-ms="374" status="PASS">
          <reporter-output>
          </reporter-output>
        </test-method> <!-- tearDown -->
        <test-method is-config="true" signature="toCloseDatabase()[pri:0, instance:com.Demowebshop.TestScripts.ValidRegisterTest@402c4085]" started-at="2025-05-17T23:11:14 IST" name="toCloseDatabase" finished-at="2025-05-17T23:11:14 IST" duration-ms="0" status="PASS">
          <reporter-output>
          </reporter-output>
        </test-method> <!-- toCloseDatabase -->
        <test-method is-config="true" signature="toCloseServer()[pri:0, instance:com.Demowebshop.TestScripts.ValidRegisterTest@402c4085]" started-at="2025-05-17T23:11:15 IST" name="toCloseServer" finished-at="2025-05-17T23:11:15 IST" duration-ms="0" status="PASS">
          <reporter-output>
          </reporter-output>
        </test-method> <!-- toCloseServer -->
      </class> <!-- com.Demowebshop.TestScripts.ValidRegisterTest -->
      <class name="com.Demowebshop.TestScripts.InvalidLoginTest">
        <test-method is-config="true" signature="setUp()[pri:0, instance:com.Demowebshop.TestScripts.InvalidLoginTest@7ce026d3]" started-at="2025-05-17T23:10:35 IST" name="setUp" finished-at="2025-05-17T23:10:41 IST" duration-ms="5882" status="PASS">
          <reporter-output>
          </reporter-output>
        </test-method> <!-- setUp -->
        <test-method signature="inValidloginTest()[pri:0, instance:com.Demowebshop.TestScripts.InvalidLoginTest@7ce026d3]" started-at="2025-05-17T23:10:41 IST" name="inValidloginTest" description="TC_Login_InValidLogin_01:- &lt;br&gt;Verify user is not able to login with invalid credentials" finished-at="2025-05-17T23:10:48 IST" duration-ms="6596" status="PASS">
          <reporter-output>
          </reporter-output>
        </test-method> <!-- inValidloginTest -->
        <test-method is-config="true" signature="tearDown()[pri:0, instance:com.Demowebshop.TestScripts.InvalidLoginTest@7ce026d3]" started-at="2025-05-17T23:10:48 IST" name="tearDown" finished-at="2025-05-17T23:10:48 IST" duration-ms="349" status="PASS">
          <reporter-output>
          </reporter-output>
        </test-method> <!-- tearDown -->
      </class> <!-- com.Demowebshop.TestScripts.InvalidLoginTest -->
      <class name="com.Demowebshop.TestScripts.SearchItemTest">
        <test-method is-config="true" signature="setUp()[pri:0, instance:com.Demowebshop.TestScripts.SearchItemTest@1caa0244]" started-at="2025-05-17T23:10:29 IST" name="setUp" finished-at="2025-05-17T23:10:34 IST" duration-ms="5197" status="PASS">
          <reporter-output>
          </reporter-output>
        </test-method> <!-- setUp -->
        <test-method signature="toSearchItem()[pri:0, instance:com.Demowebshop.TestScripts.SearchItemTest@1caa0244]" started-at="2025-05-17T23:10:34 IST" name="toSearchItem" description="TC_SearchItem_WithoutLogin_01:- &lt;br&gt;Verify that user is able to search item without login" finished-at="2025-05-17T23:10:35 IST" duration-ms="1271" status="PASS">
          <reporter-output>
          </reporter-output>
        </test-method> <!-- toSearchItem -->
        <test-method is-config="true" signature="tearDown()[pri:0, instance:com.Demowebshop.TestScripts.SearchItemTest@1caa0244]" started-at="2025-05-17T23:10:35 IST" name="tearDown" finished-at="2025-05-17T23:10:35 IST" duration-ms="320" status="PASS">
          <reporter-output>
          </reporter-output>
        </test-method> <!-- tearDown -->
      </class> <!-- com.Demowebshop.TestScripts.SearchItemTest -->
      <class name="com.Demowebshop.TestScripts.ValidLoginTest">
        <test-method is-config="true" signature="setUp()[pri:0, instance:com.Demowebshop.TestScripts.ValidLoginTest@1750fbeb]" started-at="2025-05-17T23:10:48 IST" name="setUp" finished-at="2025-05-17T23:10:56 IST" duration-ms="7265" status="PASS">
          <reporter-output>
          </reporter-output>
        </test-method> <!-- setUp -->
        <test-method signature="loginTest()[pri:0, instance:com.Demowebshop.TestScripts.ValidLoginTest@1750fbeb]" started-at="2025-05-17T23:10:56 IST" name="loginTest" description="TC_Login_ValidLogin_02:- &lt;br&gt;Verify user is able to login with registered user" finished-at="2025-05-17T23:11:02 IST" duration-ms="6396" status="PASS">
          <reporter-output>
          </reporter-output>
        </test-method> <!-- loginTest -->
        <test-method is-config="true" signature="tearDown()[pri:0, instance:com.Demowebshop.TestScripts.ValidLoginTest@1750fbeb]" started-at="2025-05-17T23:11:02 IST" name="tearDown" finished-at="2025-05-17T23:11:04 IST" duration-ms="1945" status="PASS">
          <reporter-output>
          </reporter-output>
        </test-method> <!-- tearDown -->
      </class> <!-- com.Demowebshop.TestScripts.ValidLoginTest -->
      <class name="com.Demowebshop.TestScripts.CheckoutWithoutLogTest">
        <test-method is-config="true" signature="setUp()[pri:0, instance:com.Demowebshop.TestScripts.CheckoutWithoutLogTest@5b247367]" started-at="2025-05-17T23:11:04 IST" name="setUp" finished-at="2025-05-17T23:11:09 IST" duration-ms="5169" status="PASS">
          <reporter-output>
          </reporter-output>
        </test-method> <!-- setUp -->
        <test-method signature="checkoutWithoutLogin()[pri:0, instance:com.Demowebshop.TestScripts.CheckoutWithoutLogTest@5b247367]" started-at="2025-05-17T23:11:09 IST" name="checkoutWithoutLogin" description="TC_Checkout_WithoutLogin_01:- &lt;br&gt;Verify user is redirected to Login page when trying to checkout without login" finished-at="2025-05-17T23:11:14 IST" duration-ms="4530" status="PASS">
          <reporter-output>
          </reporter-output>
        </test-method> <!-- checkoutWithoutLogin -->
        <test-method is-config="true" signature="tearDown()[pri:0, instance:com.Demowebshop.TestScripts.CheckoutWithoutLogTest@5b247367]" started-at="2025-05-17T23:11:14 IST" name="tearDown" finished-at="2025-05-17T23:11:14 IST" duration-ms="317" status="PASS">
          <reporter-output>
          </reporter-output>
        </test-method> <!-- tearDown -->
      </class> <!-- com.Demowebshop.TestScripts.CheckoutWithoutLogTest -->
    </test> <!-- Default test -->
  </suite> <!-- Default suite -->
</testng-results>
